[18:13:59] [ServerMain/INFO]: Environment: Environment[sessionHost=https://sessionserver.mojang.com, servicesHost=https://api.minecraftservices.com, name=PROD]
[18:14:00] [ServerMain/INFO]: No existing world data, creating new world
[18:14:00] [ServerMain/INFO]: Loaded 1175 recipes
[18:14:01] [ServerMain/INFO]: Loaded 1276 advancements
[18:14:01] [Server thread/INFO]: Starting minecraft server version 1.20.6
[18:14:01] [Server thread/INFO]: Loading properties
[18:14:01] [Server thread/INFO]: Default game type: SURVIVAL
[18:14:01] [Server thread/INFO]: Generating keypair
[18:14:01] [Server thread/INFO]: Starting Minecraft server on *:25565
[18:14:01] [Server thread/INFO]: Using epoll channel type
[18:14:01] [Server thread/WARN]: **** SERVER IS RUNNING IN OFFLINE/INSECURE MODE!
[18:14:01] [Server thread/WARN]: The server will make no attempt to authenticate usernames. Beware.
[18:14:01] [Server thread/WARN]: While this makes the game possible to play without internet access, it also opens up the ability for hackers to connect with any username they choose.
[18:14:01] [Server thread/WARN]: To change this, set "online-mode" to "true" in the server.properties file.
[18:14:01] [Server thread/INFO]: Preparing level "world"
[18:14:07] [Server thread/INFO]: Preparing start region for dimension minecraft:overworld
[18:14:07] [Worker-Main-3/INFO]: Preparing spawn area: 2%
[18:14:07] [Worker-Main-2/INFO]: Preparing spawn area: 2%
[18:14:08] [Worker-Main-1/INFO]: Preparing spawn area: 2%
[18:14:08] [Worker-Main-3/INFO]: Preparing spawn area: 4%
[18:14:09] [Worker-Main-2/INFO]: Preparing spawn area: 18%
[18:14:09] [Worker-Main-1/INFO]: Preparing spawn area: 20%
[18:14:10] [Worker-Main-3/INFO]: Preparing spawn area: 24%
[18:14:10] [Worker-Main-3/INFO]: Preparing spawn area: 42%
[18:14:11] [Worker-Main-3/INFO]: Preparing spawn area: 53%
[18:14:11] [Worker-Main-3/INFO]: Preparing spawn area: 71%
[18:14:12] [Worker-Main-2/INFO]: Preparing spawn area: 83%
[18:14:12] [Server thread/INFO]: Time elapsed: 5209 ms
[18:14:12] [Server thread/INFO]: Done (10.951s)! For help, type "help"
